<?xml version="1.0" encoding="UTF-8"?>
<!-- Generated by org.testng.reporters.JUnitXMLReporter -->
<testsuite ignored="0" hostname="DESKTOP-7PTRHU1" failures="0" tests="3" name="Default test" time="46.254" errors="0" timestamp="2022-04-26T18:39:56 IST">
  <testcase classname="our_project_name.tests.LoginTest" name="verifyLoginFailureWithInvalidPassword" time="0.009"/>
  <testcase classname="our_project_name.tests.LoginTest" name="verifyLoginFailureWithInvalidUsername" time="0.0"/>
  <testcase classname="our_project_name.tests.LoginTest" name="verifyLoginSuccessWithValidCreds" time="0.001"/>
</testsuite> <!-- Default test -->
