<?xml version="1.0" encoding="UTF-8"?>
<!-- Generated by org.testng.reporters.JUnitXMLReporter -->
<testsuite ignored="0" hostname="DESKTOP-7PTRHU1" failures="0" tests="9" name="Test" time="23.17" errors="0" timestamp="2022-04-26T18:48:09 IST">
  <testcase classname="our_project_name.tests.LoginTest" name="verifyLoginFailureWithInvalidPassword" time="0.016"/>
  <testcase classname="our_project_name.tests.LoginTest" name="verifyLoginFailureWithInvalidUsername" time="0.003"/>
  <testcase classname="our_project_name.tests.LoginTest" name="verifyLoginSuccessWithValidCreds" time="0.003"/>
  <testcase classname="our_project_name.tests.SearchResultTest" name="verifyLoginFailureWithInvalidPassword" time="0.002"/>
  <testcase classname="our_project_name.tests.SearchResultTest" name="verifyLoginFailureWithInvalidUsername" time="0.003"/>
  <testcase classname="our_project_name.tests.SearchResultTest" name="verifyLoginSuccessWithValidCreds" time="0.001"/>
  <testcase classname="our_project_name.tests.SearchTest" name="verifyLoginFailureWithInvalidPassword" time="0.004"/>
  <testcase classname="our_project_name.tests.SearchTest" name="verifyLoginFailureWithInvalidUsername" time="0.004"/>
  <testcase classname="our_project_name.tests.SearchTest" name="verifyLoginSuccessWithValidCreds" time="0.002"/>
</testsuite> <!-- Test -->
